This is pdfTeX, Version 3.14159265-2.6-1.40.21 (TeX Live 2020) (preloaded format=pdflatex 2020.10.29)  16 JUN 2021 21:26
entering extended mode
 restricted \write18 enabled.
 %&-line parsing enabled.
**derivation.tex
(./derivation.tex
LaTeX2e <2020-02-02> patch level 5
L3 programming layer <2020-03-06>
(/usr/local/texlive/2020/texmf-dist/tex/latex/base/article.cls
Document Class: article 2019/12/20 v1.4l Standard LaTeX document class
(/usr/local/texlive/2020/texmf-dist/tex/latex/base/size11.clo
File: size11.clo 2019/12/20 v1.4l Standard LaTeX file (size option)
)
\c@part=\count167
\c@section=\count168
\c@subsection=\count169
\c@subsubsection=\count170
\c@paragraph=\count171
\c@subparagraph=\count172
\c@figure=\count173
\c@table=\count174
\abovecaptionskip=\skip47
\belowcaptionskip=\skip48
\bibindent=\dimen134
)
(/usr/local/texlive/2020/texmf-dist/tex/latex/graphics/graphicx.sty
Package: graphicx 2019/11/30 v1.2a Enhanced LaTeX Graphics (DPC,SPQR)

(/usr/local/texlive/2020/texmf-dist/tex/latex/graphics/keyval.sty
Package: keyval 2014/10/28 v1.15 key=value parser (DPC)
\KV@toks@=\toks15
)
(/usr/local/texlive/2020/texmf-dist/tex/latex/graphics/graphics.sty
Package: graphics 2019/11/30 v1.4a Standard LaTeX Graphics (DPC,SPQR)

(/usr/local/texlive/2020/texmf-dist/tex/latex/graphics/trig.sty
Package: trig 2016/01/03 v1.10 sin cos tan (DPC)
)
(/usr/local/texlive/2020/texmf-dist/tex/latex/graphics-cfg/graphics.cfg
File: graphics.cfg 2016/06/04 v1.11 sample graphics configuration
)
Package graphics Info: Driver file: pdftex.def on input line 105.

(/usr/local/texlive/2020/texmf-dist/tex/latex/graphics-def/pdftex.def
File: pdftex.def 2018/01/08 v1.0l Graphics/color driver for pdftex
))
\Gin@req@height=\dimen135
\Gin@req@width=\dimen136
)
(/usr/local/texlive/2020/texmf-dist/tex/latex/float/float.sty
Package: float 2001/11/08 v1.3d Float enhancements (AL)
\c@float@type=\count175
\float@exts=\toks16
\float@box=\box45
\@float@everytoks=\toks17
\@floatcapt=\box46
)
(/usr/local/texlive/2020/texmf-dist/tex/latex/l3backend/l3backend-pdfmode.def
File: l3backend-pdfmode.def 2020-03-12 L3 backend support: PDF mode
\l__kernel_color_stack_int=\count176
\l__pdf_internal_box=\box47
)
(./derivation.aux

LaTeX Warning: Label `fig:rot_velocity' multiply defined.

)
\openout1 = `derivation.aux'.

LaTeX Font Info:    Checking defaults for OML/cmm/m/it on input line 5.
LaTeX Font Info:    ... okay on input line 5.
LaTeX Font Info:    Checking defaults for OMS/cmsy/m/n on input line 5.
LaTeX Font Info:    ... okay on input line 5.
LaTeX Font Info:    Checking defaults for OT1/cmr/m/n on input line 5.
LaTeX Font Info:    ... okay on input line 5.
LaTeX Font Info:    Checking defaults for T1/cmr/m/n on input line 5.
LaTeX Font Info:    ... okay on input line 5.
LaTeX Font Info:    Checking defaults for TS1/cmr/m/n on input line 5.
LaTeX Font Info:    ... okay on input line 5.
LaTeX Font Info:    Checking defaults for OMX/cmex/m/n on input line 5.
LaTeX Font Info:    ... okay on input line 5.
LaTeX Font Info:    Checking defaults for U/cmr/m/n on input line 5.
LaTeX Font Info:    ... okay on input line 5.
 (/usr/local/texlive/2020/texmf-dist/tex/context/base/mkii/supp-pdf.mkii
[Loading MPS to PDF converter (version 2006.09.02).]
\scratchcounter=\count177
\scratchdimen=\dimen137
\scratchbox=\box48
\nofMPsegments=\count178
\nofMParguments=\count179
\everyMPshowfont=\toks18
\MPscratchCnt=\count180
\MPscratchDim=\dimen138
\MPnumerator=\count181
\makeMPintoPDFobject=\count182
\everyMPtoPDFconversion=\toks19
) (/usr/local/texlive/2020/texmf-dist/tex/latex/epstopdf-pkg/epstopdf-base.sty
Package: epstopdf-base 2020-01-24 v2.11 Base part for package epstopdf
Package epstopdf-base Info: Redefining graphics rule for `.eps' on input line 4
85.

(/usr/local/texlive/2020/texmf-dist/tex/latex/latexconfig/epstopdf-sys.cfg
File: epstopdf-sys.cfg 2010/07/13 v1.3 Configuration of (r)epstopdf for TeX Liv
e
))
LaTeX Font Info:    External font `cmex10' loaded for size
(Font)              <12> on input line 10.
LaTeX Font Info:    External font `cmex10' loaded for size
(Font)              <8> on input line 10.
LaTeX Font Info:    External font `cmex10' loaded for size
(Font)              <6> on input line 10.
<rooftop.jpeg, id=1, 4047.12pt x 3035.34pt>
File: rooftop.jpeg Graphic file (type jpg)
<use rooftop.jpeg>
Package pdftex.def Info: rooftop.jpeg  used on input line 20.
(pdftex.def)             Requested size: 284.52756pt x 213.3755pt.
LaTeX Font Info:    External font `cmex10' loaded for size
(Font)              <10.95> on input line 25.

[1

{/usr/local/texlive/2020/texmf-var/fonts/map/pdftex/updmap/pdftex.map} <./rooft
op.jpeg>]
<crane.jpg, id=11, 457.71pt x 355.3275pt>
File: crane.jpg Graphic file (type jpg)
<use crane.jpg>
Package pdftex.def Info: crane.jpg  used on input line 29.
(pdftex.def)             Requested size: 284.52756pt x 220.89174pt.

Underfull \hbox (badness 10000) in paragraph at lines 34--35

 []


Underfull \hbox (badness 10000) in paragraph at lines 40--41

 []

[2 <./crane.jpg>]
Underfull \hbox (badness 10000) in paragraph at lines 42--43

 []


Underfull \hbox (badness 10000) in paragraph at lines 44--45

 []

<rotation_velocity.jpg, id=18, 1108.14pt x 1112.155pt>
File: rotation_velocity.jpg Graphic file (type jpg)
<use rotation_velocity.jpg>
Package pdftex.def Info: rotation_velocity.jpg  used on input line 50.
(pdftex.def)             Requested size: 170.71652pt x 171.3301pt.
[3 <./rotation_velocity.jpg>]
Underfull \hbox (badness 10000) in paragraph at lines 57--58

 []

<arm_velocity.jpg, id=24, 1351.0475pt x 1126.2075pt>
File: arm_velocity.jpg Graphic file (type jpg)
<use arm_velocity.jpg>
Package pdftex.def Info: arm_velocity.jpg  used on input line 77.
(pdftex.def)             Requested size: 170.71652pt x 142.30501pt.
[4 <./arm_velocity.jpg>]
Overfull \hbox (39.98677pt too wide) detected at line 91
[]\OT1/cmr/m/n/10.95 (\OML/cmm/m/it/10.95 t\OT1/cmr/m/n/10.95 ) = [](\OML/cmm/m
/it/10.95 t\OT1/cmr/m/n/10.95 ) + [](\OML/cmm/m/it/10.95 t\OT1/cmr/m/n/10.95 ) 
= (\OML/cmm/m/it/10.95 c\OT1/cmr/m/n/10.95 (\OML/cmm/m/it/10.95 t\OT1/cmr/m/n/1
0.95 )\OML/cmm/m/it/10.95 cos\OT1/cmr/m/n/10.95 (\OML/cmm/m/it/10.95 '\OT1/cmr/
m/n/10.95 (\OML/cmm/m/it/10.95 t\OT1/cmr/m/n/10.95 )) \OMS/cmsy/m/n/10.95 ^^@ \
OML/cmm/m/it/10.95 r\OT1/cmr/m/n/10.95 (\OML/cmm/m/it/10.95 t\OT1/cmr/m/n/10.95
 )\OML/cmm/m/it/10.95 !sin\OT1/cmr/m/n/10.95 (\OML/cmm/m/it/10.95 '\OT1/cmr/m/n
/10.95 (\OML/cmm/m/it/10.95 t\OT1/cmr/m/n/10.95 ))\OML/cmm/m/it/10.95 ; c\OT1/c
mr/m/n/10.95 (\OML/cmm/m/it/10.95 t\OT1/cmr/m/n/10.95 )\OML/cmm/m/it/10.95 sin\
OT1/cmr/m/n/10.95 (\OML/cmm/m/it/10.95 '\OT1/cmr/m/n/10.95 (\OML/cmm/m/it/10.95
 t\OT1/cmr/m/n/10.95 )) + \OML/cmm/m/it/10.95 r\OT1/cmr/m/n/10.95 (\OML/cmm/m/i
t/10.95 t\OT1/cmr/m/n/10.95 )\OML/cmm/m/it/10.95 !cos\OT1/cmr/m/n/10.95 (\OML/c
mm/m/it/10.95 '\OT1/cmr/m/n/10.95 (\OML/cmm/m/it/10.95 t\OT1/cmr/m/n/10.95 )))
 []


Overfull \hbox (41.13094pt too wide) detected at line 123
[] [] \OML/cmm/m/it/10.95 dr \OT1/cmr/m/n/10.95 = [] [] \OML/cmm/m/it/10.95 d' 
\OT1/cmr/m/n/10.95 = [][][] = \OMS/cmsy/m/n/10.95 ^^@ [] [] \OML/cmm/m/it/10.95
 du
 []

[5] [6] (./derivation.aux)

LaTeX Warning: There were multiply-defined labels.

 ) 
Here is how much of TeX's memory you used:
 1248 strings out of 480608
 18423 string characters out of 5903629
 256631 words of memory out of 5000000
 17168 multiletter control sequences out of 15000+600000
 537509 words of font info for 41 fonts, out of 8000000 for 9000
 1141 hyphenation exceptions out of 8191
 30i,7n,25p,629b,217s stack positions out of 5000i,500n,10000p,200000b,80000s
</usr/local/texlive/2020/texmf-dist/fonts/type1/public/amsfonts/cm/cmbx10.pfb
></usr/local/texlive/2020/texmf-dist/fonts/type1/public/amsfonts/cm/cmbx12.pfb>
</usr/local/texlive/2020/texmf-dist/fonts/type1/public/amsfonts/cm/cmex10.pfb><
/usr/local/texlive/2020/texmf-dist/fonts/type1/public/amsfonts/cm/cmmi10.pfb></
usr/local/texlive/2020/texmf-dist/fonts/type1/public/amsfonts/cm/cmmi8.pfb></us
r/local/texlive/2020/texmf-dist/fonts/type1/public/amsfonts/cm/cmr10.pfb></usr/
local/texlive/2020/texmf-dist/fonts/type1/public/amsfonts/cm/cmr12.pfb></usr/lo
cal/texlive/2020/texmf-dist/fonts/type1/public/amsfonts/cm/cmr17.pfb></usr/loca
l/texlive/2020/texmf-dist/fonts/type1/public/amsfonts/cm/cmr8.pfb></usr/local/t
exlive/2020/texmf-dist/fonts/type1/public/amsfonts/cm/cmsy10.pfb>
Output written on derivation.pdf (6 pages, 3305295 bytes).
PDF statistics:
 67 PDF objects out of 1000 (max. 8388607)
 44 compressed objects within 1 object stream
 0 named destinations out of 1000 (max. 500000)
 21 words of extra memory for PDF output out of 10000 (max. 10000000)

